<?xml version="1.0" encoding="UTF-8"?>
<testsuite xmlns:xsi="http://www.w3.org/2001/XMLSchema-instance" xsi:noNamespaceSchemaLocation="https://maven.apache.org/surefire/maven-surefire-plugin/xsd/surefire-test-report-3.0.xsd" version="3.0" name="fridge_manager.core.FoodTest" time="0.163" tests="3" errors="0" skipped="0" failures="0">
  <properties>
[...]
</properties>
  <testcase name="testToString" classname="fridge_manager.core.FoodTest" time="0.122"/>
  <testcase name="testChangeQuantity" classname="fridge_manager.core.FoodTest" time="0.004"/>
  <testcase name="testConstructor" classname="fridge_manager.core.FoodTest" time="0.002"/>
</testsuite>