<?xml version="1.0" encoding="UTF-8"?>
<testsuite xmlns:xsi="http://www.w3.org/2001/XMLSchema-instance" xsi:noNamespaceSchemaLocation="https://maven.apache.org/surefire/maven-surefire-plugin/xsd/surefire-test-report-3.0.xsd" version="3.0" name="fridge_manager.FridgeManagerTest" time="0.028" tests="5" errors="0" skipped="0" failures="0">
  <properties>
[...]
</properties>
  <testcase name="testRemoveFreezerContents" classname="fridge_manager.FridgeManagerTest" time="0.004"/>
  <testcase name="testFreezerContents" classname="fridge_manager.FridgeManagerTest" time="0.003"/>
  <testcase name="testFridgeContents" classname="fridge_manager.FridgeManagerTest" time="0.007"/>
  <testcase name="testRemoveFridgeContents" classname="fridge_manager.FridgeManagerTest" time="0.001"/>
  <testcase name="testConstructor" classname="fridge_manager.FridgeManagerTest" time="0.001"/>
</testsuite>